<?xml version="1.0" encoding="UTF-8"?>
<!-- Generated by org.testng.reporters.JUnitXMLReporter -->
<testsuite ignored="0" hostname="LAPTOP-8PV5OBQH" failures="0" tests="4" name="Default test" time="120.59" errors="0" timestamp="2022-10-31T08:28:46 IST">
  <testcase classname="Tests.firsttext" name="first" time="30.754"/>
  <testcase classname="Tests.firsttext" name="first" time="31.084"/>
  <testcase classname="Tests.firsttext" name="first" time="23.384"/>
  <testcase classname="Tests.firsttext" name="first" time="34.881"/>
</testsuite> <!-- Default test -->
