<?xml version="1.0" encoding="UTF-8"?>
<testng-results ignored="0" total="4" passed="4" failed="0" skipped="0">
  <reporter-output>
  </reporter-output>
  <suite started-at="2022-10-31T08:26:45 IST" name="Default suite" finished-at="2022-10-31T08:28:46 IST" duration-ms="120590">
    <groups>
    </groups>
    <test started-at="2022-10-31T08:26:45 IST" name="Default test" finished-at="2022-10-31T08:28:46 IST" duration-ms="120590">
      <class name="Tests.firsttext">
        <test-method signature="first(java.lang.String, java.lang.String)[pri:0, instance:Tests.firsttext@61386958]" started-at="2022-10-31T08:26:46 IST" name="first" data-provider="databridge" finished-at="2022-10-31T08:27:17 IST" duration-ms="30754" status="PASS">
          <params>
            <param index="0">
              <value>
                <![CDATA[user1]]>
              </value>
            </param>
            <param index="1">
              <value>
                <![CDATA[pass1]]>
              </value>
            </param>
          </params>
          <reporter-output>
          </reporter-output>
        </test-method> <!-- first -->
        <test-method signature="first(java.lang.String, java.lang.String)[pri:0, instance:Tests.firsttext@61386958]" started-at="2022-10-31T08:27:17 IST" name="first" data-provider="databridge" finished-at="2022-10-31T08:27:48 IST" duration-ms="31084" status="PASS">
          <params>
            <param index="0">
              <value>
                <![CDATA[user2]]>
              </value>
            </param>
            <param index="1">
              <value>
                <![CDATA[pass2]]>
              </value>
            </param>
          </params>
          <reporter-output>
          </reporter-output>
        </test-method> <!-- first -->
        <test-method signature="first(java.lang.String, java.lang.String)[pri:0, instance:Tests.firsttext@61386958]" started-at="2022-10-31T08:27:48 IST" name="first" data-provider="databridge" finished-at="2022-10-31T08:28:11 IST" duration-ms="23384" status="PASS">
          <params>
            <param index="0">
              <value>
                <![CDATA[user3]]>
              </value>
            </param>
            <param index="1">
              <value>
                <![CDATA[pass3]]>
              </value>
            </param>
          </params>
          <reporter-output>
          </reporter-output>
        </test-method> <!-- first -->
        <test-method signature="first(java.lang.String, java.lang.String)[pri:0, instance:Tests.firsttext@61386958]" started-at="2022-10-31T08:28:11 IST" name="first" data-provider="databridge" finished-at="2022-10-31T08:28:46 IST" duration-ms="34881" status="PASS">
          <params>
            <param index="0">
              <value>
                <![CDATA[saipattabhi18@gmail.com]]>
              </value>
            </param>
            <param index="1">
              <value>
                <![CDATA[Suchitra@73337]]>
              </value>
            </param>
          </params>
          <reporter-output>
          </reporter-output>
        </test-method> <!-- first -->
      </class> <!-- Tests.firsttext -->
    </test> <!-- Default test -->
  </suite> <!-- Default suite -->
</testng-results>
